论语/README.md
四书五经/mengzi.json
四书五经/daxue.json
四书五经/README.md
四书五经/zhongyong.json
全唐诗/README.md
全唐诗/json
全唐诗/json/729.json
全唐诗/json/683.json
全唐诗/json/379.json
全唐诗/json/396.json
全唐诗/json/816.json
全唐诗/json/115.json
全唐诗/json/545.json
全唐诗/json/050.json
全唐诗/json/400.json
全唐诗/json/284.json
全唐诗/json/791.json
全唐诗/json/512.json
全唐诗/json/142.json
全唐诗/json/841.json
全唐诗/json/457.json
全唐诗/json/007.json
全唐诗/json/292.json
全唐诗/json/768.json
全唐诗/json/338.json
全唐诗/json/787.json
全唐诗/json/857.json
全唐诗/json/154.json
全唐诗/json/504.json
全唐诗/json/011.json
全唐诗/json/441.json
全唐诗/json/695.json
全唐诗/json/380.json
全唐诗/json/553.json
全唐诗/json/103.json
全唐诗/json/800.json
全唐诗/json/416.json
全唐诗/json/046.json
全唐诗/json/251.json
全唐诗/json/601.json
全唐诗/json/314.json
全唐诗/json/744.json
全唐诗/json/894.json
全唐诗/json/197.json
全唐诗/json/528.json
全唐诗/json/482.json
全唐诗/json/178.json
全唐诗/json/656.json
全唐诗/json/206.json
全唐诗/json/713.json
全唐诗/json/343.json
全唐诗/json/590.json
全唐诗/json/085.json
全唐诗/json/210.json
全唐诗/json/640.json
全唐诗/json/355.json
全唐诗/json/705.json
全唐诗/json/586.json
全唐诗/json/093.json
全唐诗/json/569.json
全唐诗/json/139.json
全唐诗/json/617.json
全唐诗/json/247.json
全唐诗/json/752.json
全唐诗/json/302.json
全唐诗/json/181.json
全唐诗/json/882.json
全唐诗/json/494.json
全唐诗/json/549.json
全唐诗/json/119.json
全唐诗/json/375.json
全唐诗/json/725.json
全唐诗/json/230.json
全唐诗/json/660.json
全唐诗/json/288.json
全唐诗/json/772.json
全唐诗/json/322.json
全唐诗/json/637.json
全唐诗/json/267.json
全唐诗/json/508.json
全唐诗/json/158.json
全唐诗/json/334.json
全唐诗/json/764.json
全唐诗/json/271.json
全唐诗/json/621.json
全唐诗/json/733.json
全唐诗/json/699.json
全唐诗/json/363.json
全唐诗/json/676.json
全唐诗/json/226.json
全唐诗/json/031.json
全唐诗/json/461.json
全唐诗/json/898.json
全唐诗/json/877.json
全唐诗/json/174.json
全唐诗/json/524.json
全唐诗/json/748.json
全唐诗/json/318.json
全唐诗/json/436.json
全唐诗/json/066.json
全唐诗/json/089.json
全唐诗/json/573.json
全唐诗/json/123.json
全唐诗/json/820.json
全唐诗/json/070.json
全唐诗/json/420.json
全唐诗/json/836.json
全唐诗/json/135.json
全唐诗/json/565.json
全唐诗/json/709.json
全唐诗/json/359.json
全唐诗/json/477.json
全唐诗/json/027.json
全唐诗/json/532.json
全唐诗/json/498.json
全唐诗/json/162.json
全唐诗/json/861.json
全唐诗/json/476.json
全唐诗/json/026.json
全唐诗/json/533.json
全唐诗/json/499.json
全唐诗/json/163.json
全唐诗/json/860.json
全唐诗/json/708.json
全唐诗/json/358.json
全唐诗/json/071.json
全唐诗/json/421.json
全唐诗/json/837.json
全唐诗/json/134.json
全唐诗/json/564.json
全唐诗/json/437.json
全唐诗/json/067.json
全唐诗/json/088.json
全唐诗/json/572.json
全唐诗/json/122.json
全唐诗/json/821.json
全唐诗/json/749.json
全唐诗/json/319.json
全唐诗/json/030.json
全唐诗/json/460.json
全唐诗/json/899.json
全唐诗/json/876.json
全唐诗/json/175.json
全唐诗/json/525.json
全唐诗/json/732.json
全唐诗/json/698.json
全唐诗/json/362.json
全唐诗/json/677.json
全唐诗/json/227.json
全唐诗/json/335.json
全唐诗/json/765.json
全唐诗/json/270.json
全唐诗/json/620.json
全唐诗/json/509.json
全唐诗/json/159.json
全唐诗/json/289.json
全唐诗/json/773.json
全唐诗/json/323.json
全唐诗/json/636.json
全唐诗/json/266.json
全唐诗/json/374.json
全唐诗/json/724.json
全唐诗/json/231.json
全唐诗/json/661.json
全唐诗/json/548.json
全唐诗/json/118.json
全唐诗/json/180.json
全唐诗/json/883.json
全唐诗/json/495.json
全唐诗/json/616.json
全唐诗/json/246.json
全唐诗/json/753.json
全唐诗/json/303.json
全唐诗/json/587.json
全唐诗/json/092.json
全唐诗/json/568.json
全唐诗/json/138.json
全唐诗/json/211.json
全唐诗/json/641.json
全唐诗/json/354.json
全唐诗/json/704.json
全唐诗/json/591.json
全唐诗/json/084.json
全唐诗/json/657.json
全唐诗/json/207.json
全唐诗/json/712.json
全唐诗/json/342.json
全唐诗/json/895.json
全唐诗/json/196.json
全唐诗/json/529.json
全唐诗/json/483.json
全唐诗/json/179.json
全唐诗/json/250.json
全唐诗/json/600.json
全唐诗/json/315.json
全唐诗/json/745.json
全唐诗/json/552.json
全唐诗/json/102.json
全唐诗/json/801.json
全唐诗/json/417.json
全唐诗/json/047.json
全唐诗/json/694.json
全唐诗/json/381.json
全唐诗/json/856.json
全唐诗/json/155.json
全唐诗/json/505.json
全唐诗/json/010.json
全唐诗/json/440.json
全唐诗/json/293.json
全唐诗/json/769.json
全唐诗/json/339.json
全唐诗/json/786.json
全唐诗/json/513.json
全唐诗/json/143.json
全唐诗/json/840.json
全唐诗/json/456.json
全唐诗/json/006.json
全唐诗/json/285.json
全唐诗/json/790.json
全唐诗/json/817.json
全唐诗/json/114.json
全唐诗/json/544.json
全唐诗/json/051.json
全唐诗/json/401.json
全唐诗/json/728.json
全唐诗/json/682.json
全唐诗/json/378.json
全唐诗/json/397.json
全唐诗/json/689.json
全唐诗/json/373.json
全唐诗/json/723.json
全唐诗/json/236.json
全唐诗/json/666.json
全唐诗/json/148.json
全唐诗/json/518.json
全唐诗/json/774.json
全唐诗/json/324.json
全唐诗/json/631.json
全唐诗/json/261.json
全唐诗/json/332.json
全唐诗/json/298.json
全唐诗/json/762.json
全唐诗/json/277.json
全唐诗/json/627.json
全唐诗/json/109.json
全唐诗/json/559.json
全唐诗/json/735.json
全唐诗/json/365.json
全唐诗/json/670.json
全唐诗/json/220.json
全唐诗/json/037.json
全唐诗/json/467.json
全唐诗/json/488.json
全唐诗/json/172.json
全唐诗/json/522.json
全唐诗/json/871.json
全唐诗/json/430.json
全唐诗/json/060.json
全唐诗/json/826.json
全唐诗/json/575.json
全唐诗/json/125.json
全唐诗/json/349.json
全唐诗/json/719.json
全唐诗/json/076.json
全唐诗/json/426.json
全唐诗/json/133.json
全唐诗/json/099.json
全唐诗/json/563.json
全唐诗/json/830.json
全唐诗/json/471.json
全唐诗/json/021.json
全唐诗/json/888.json
全唐诗/json/867.json
全唐诗/json/534.json
全唐诗/json/164.json
全唐诗/json/308.json
全唐诗/json/758.json
全唐诗/json/685.json
全唐诗/json/390.json
全唐诗/json/113.json
全唐诗/json/543.json
全唐诗/json/810.json
全唐诗/json/056.json
全唐诗/json/406.json
全唐诗/json/328.json
全唐诗/json/282.json
全唐诗/json/778.json
全唐诗/json/797.json
全唐诗/json/847.json
全唐诗/json/514.json
全唐诗/json/144.json
全唐诗/json/451.json
全唐诗/json/001.json
全唐诗/json/294.json
全唐诗/json/781.json
全唐诗/json/152.json
全唐诗/json/502.json
全唐诗/json/851.json
全唐诗/json/017.json
全唐诗/json/447.json
全唐诗/json/693.json
全唐诗/json/369.json
全唐诗/json/739.json
全唐诗/json/386.json
全唐诗/json/806.json
全唐诗/json/555.json
全唐诗/json/105.json
全唐诗/json/410.json
全唐诗/json/040.json
全唐诗/json/257.json
全唐诗/json/607.json
全唐诗/json/312.json
全唐诗/json/742.json
全唐诗/json/191.json
全唐诗/json/892.json
全唐诗/json/484.json
全唐诗/json/650.json
全唐诗/json/200.json
全唐诗/json/715.json
全唐诗/json/345.json
全唐诗/json/596.json
全唐诗/json/129.json
全唐诗/json/083.json
全唐诗/json/579.json
全唐诗/json/216.json
全唐诗/json/646.json
全唐诗/json/353.json
全唐诗/json/703.json
全唐诗/json/580.json
全唐诗/json/095.json
全唐诗/json/611.json
全唐诗/json/241.json
全唐诗/json/754.json
全唐诗/json/304.json
全唐诗/json/884.json
全唐诗/json/187.json
全唐诗/json/492.json
全唐诗/json/168.json
全唐诗/json/538.json
全唐诗/json/885.json
全唐诗/json/186.json
全唐诗/json/493.json
全唐诗/json/169.json
全唐诗/json/539.json
全唐诗/json/610.json
全唐诗/json/240.json
全唐诗/json/755.json
全唐诗/json/305.json
全唐诗/json/581.json
全唐诗/json/094.json
全唐诗/json/217.json
全唐诗/json/647.json
全唐诗/json/352.json
全唐诗/json/702.json
全唐诗/json/597.json
全唐诗/json/128.json
全唐诗/json/082.json
全唐诗/json/578.json
全唐诗/json/651.json
全唐诗/json/201.json
全唐诗/json/714.json
全唐诗/json/344.json
全唐诗/json/190.json
全唐诗/json/893.json
全唐诗/json/485.json
全唐诗/json/256.json
全唐诗/json/606.json
全唐诗/json/313.json
全唐诗/json/743.json
全唐诗/json/807.json
全唐诗/json/554.json
全唐诗/json/104.json
全唐诗/json/411.json
全唐诗/json/041.json
全唐诗/json/692.json
全唐诗/json/368.json
全唐诗/json/738.json
全唐诗/json/387.json
全唐诗/json/153.json
全唐诗/json/503.json
全唐诗/json/850.json
全唐诗/json/016.json
全唐诗/json/446.json
全唐诗/json/295.json
全唐诗/json/780.json
全唐诗/json/846.json
全唐诗/json/515.json
全唐诗/json/145.json
全唐诗/json/450.json
全唐诗/json/329.json
全唐诗/json/283.json
全唐诗/json/779.json
全唐诗/json/796.json
全唐诗/json/112.json
全唐诗/json/542.json
全唐诗/json/811.json
全唐诗/json/057.json
全唐诗/json/407.json
全唐诗/json/684.json
全唐诗/json/391.json
全唐诗/json/309.json
全唐诗/json/759.json
全唐诗/json/470.json
全唐诗/json/020.json
全唐诗/json/889.json
全唐诗/json/866.json
全唐诗/json/535.json
全唐诗/json/165.json
全唐诗/json/077.json
全唐诗/json/427.json
全唐诗/json/132.json
全唐诗/json/098.json
全唐诗/json/562.json
全唐诗/json/831.json
全唐诗/json/348.json
全唐诗/json/718.json
全唐诗/json/431.json
全唐诗/json/061.json
全唐诗/json/827.json
全唐诗/json/574.json
全唐诗/json/124.json
全唐诗/json/036.json
全唐诗/json/466.json
全唐诗/json/489.json
全唐诗/json/173.json
全唐诗/json/523.json
全唐诗/json/870.json
全唐诗/json/734.json
全唐诗/json/364.json
全唐诗/json/671.json
全唐诗/json/221.json
全唐诗/json/108.json
全唐诗/json/558.json
全唐诗/json/333.json
全唐诗/json/299.json
全唐诗/json/763.json
全唐诗/json/276.json
全唐诗/json/626.json
全唐诗/json/775.json
全唐诗/json/325.json
全唐诗/json/630.json
全唐诗/json/260.json
全唐诗/json/149.json
全唐诗/json/519.json
全唐诗/json/688.json
全唐诗/json/372.json
全唐诗/json/722.json
全唐诗/json/237.json
全唐诗/json/667.json
全唐诗/json/536.json
全唐诗/json/166.json
全唐诗/json/865.json
全唐诗/json/189.json
全唐诗/json/473.json
全唐诗/json/023.json
全唐诗/json/648.json
全唐诗/json/218.json
全唐诗/json/832.json
全唐诗/json/131.json
全唐诗/json/561.json
全唐诗/json/074.json
全唐诗/json/424.json
全唐诗/json/577.json
全唐诗/json/127.json
全唐诗/json/824.json
全唐诗/json/432.json
全唐诗/json/598.json
全唐诗/json/062.json
全唐诗/json/609.json
全唐诗/json/259.json
全唐诗/json/873.json
全唐诗/json/170.json
全唐诗/json/520.json
全唐诗/json/035.json
全唐诗/json/465.json
全唐诗/json/388.json
全唐诗/json/672.json
全唐诗/json/222.json
全唐诗/json/737.json
全唐诗/json/367.json
全唐诗/json/808.json
全唐诗/json/275.json
全唐诗/json/625.json
全唐诗/json/330.json
全唐诗/json/760.json
全唐诗/json/449.json
全唐诗/json/019.json
全唐诗/json/633.json
全唐诗/json/799.json
全唐诗/json/263.json
全唐诗/json/776.json
全唐诗/json/326.json
全唐诗/json/849.json
全唐诗/json/234.json
全唐诗/json/664.json
全唐诗/json/371.json
全唐诗/json/721.json
全唐诗/json/408.json
全唐诗/json/058.json
全唐诗/json/869.json
全唐诗/json/490.json
全唐诗/json/185.json
全唐诗/json/886.json
全唐诗/json/756.json
全唐诗/json/306.json
全唐诗/json/613.json
全唐诗/json/243.json
全唐诗/json/097.json
全唐诗/json/428.json
全唐诗/json/582.json
全唐诗/json/078.json
全唐诗/json/351.json
全唐诗/json/701.json
全唐诗/json/214.json
全唐诗/json/644.json
全唐诗/json/828.json
全唐诗/json/081.json
全唐诗/json/594.json
全唐诗/json/717.json
全唐诗/json/347.json
全唐诗/json/652.json
全唐诗/json/202.json
全唐诗/json/486.json
全唐诗/json/890.json
全唐诗/json/193.json
全唐诗/json/469.json
全唐诗/json/039.json
全唐诗/json/310.json
全唐诗/json/740.json
全唐诗/json/255.json
全唐诗/json/605.json
全唐诗/json/412.json
全唐诗/json/042.json
全唐诗/json/557.json
全唐诗/json/107.json
全唐诗/json/804.json
全唐诗/json/384.json
全唐诗/json/691.json
全唐诗/json/015.json
全唐诗/json/445.json
全唐诗/json/853.json
全唐诗/json/150.json
全唐诗/json/500.json
全唐诗/json/629.json
全唐诗/json/783.json
全唐诗/json/279.json
全唐诗/json/296.json
全唐诗/json/900.json
全唐诗/json/453.json
全唐诗/json/003.json
全唐诗/json/516.json
全唐诗/json/146.json
全唐诗/json/845.json
全唐诗/json/795.json
全唐诗/json/280.json
全唐诗/json/054.json
全唐诗/json/404.json
全唐诗/json/812.json
全唐诗/json/111.json
全唐诗/json/541.json
全唐诗/json/392.json
全唐诗/json/668.json
全唐诗/json/238.json
全唐诗/json/687.json
全唐诗/json/393.json
全唐诗/json/669.json
全唐诗/json/239.json
全唐诗/json/686.json
全唐诗/json/055.json
全唐诗/json/405.json
全唐诗/json/813.json
全唐诗/json/110.json
全唐诗/json/540.json
全唐诗/json/794.json
全唐诗/json/281.json
全唐诗/json/452.json
全唐诗/json/002.json
全唐诗/json/517.json
全唐诗/json/147.json
全唐诗/json/844.json
全唐诗/json/628.json
全唐诗/json/782.json
全唐诗/json/278.json
全唐诗/json/297.json
全唐诗/json/014.json
全唐诗/json/444.json
全唐诗/json/852.json
全唐诗/json/151.json
全唐诗/json/501.json
全唐诗/json/385.json
全唐诗/json/690.json
全唐诗/json/413.json
全唐诗/json/043.json
全唐诗/json/556.json
全唐诗/json/106.json
全唐诗/json/805.json
全唐诗/json/311.json
全唐诗/json/741.json
全唐诗/json/254.json
全唐诗/json/604.json
全唐诗/json/487.json
全唐诗/json/891.json
全唐诗/json/192.json
全唐诗/json/468.json
全唐诗/json/038.json
全唐诗/json/716.json
全唐诗/json/346.json
全唐诗/json/653.json
全唐诗/json/203.json
全唐诗/json/829.json
全唐诗/json/080.json
全唐诗/json/595.json
全唐诗/json/350.json
全唐诗/json/700.json
全唐诗/json/215.json
全唐诗/json/645.json
全唐诗/json/096.json
全唐诗/json/429.json
全唐诗/json/583.json
全唐诗/json/079.json
全唐诗/json/757.json
全唐诗/json/307.json
全唐诗/json/612.json
全唐诗/json/242.json
全唐诗/json/868.json
全唐诗/json/491.json
全唐诗/json/184.json
全唐诗/json/887.json
全唐诗/json/409.json
全唐诗/json/059.json
全唐诗/json/235.json
全唐诗/json/665.json
全唐诗/json/370.json
全唐诗/json/720.json
全唐诗/json/848.json
全唐诗/json/632.json
全唐诗/json/798.json
全唐诗/json/262.json
全唐诗/json/777.json
全唐诗/json/327.json
全唐诗/json/448.json
全唐诗/json/018.json
全唐诗/json/274.json
全唐诗/json/624.json
全唐诗/json/331.json
全唐诗/json/761.json
全唐诗/json/809.json
全唐诗/json/389.json
全唐诗/json/673.json
全唐诗/json/223.json
全唐诗/json/736.json
全唐诗/json/366.json
全唐诗/json/872.json
全唐诗/json/171.json
全唐诗/json/521.json
全唐诗/json/034.json
全唐诗/json/464.json
全唐诗/json/608.json
全唐诗/json/258.json
全唐诗/json/576.json
全唐诗/json/126.json
全唐诗/json/825.json
全唐诗/json/433.json
全唐诗/json/599.json
全唐诗/json/063.json
全唐诗/json/833.json
全唐诗/json/130.json
全唐诗/json/560.json
全唐诗/json/075.json
全唐诗/json/425.json
全唐诗/json/649.json
全唐诗/json/219.json
全唐诗/json/537.json
全唐诗/json/167.json
全唐诗/json/864.json
全唐诗/json/188.json
全唐诗/json/472.json
全唐诗/json/022.json
全唐诗/json/496.json
全唐诗/json/880.json
全唐诗/json/029.json
全唐诗/json/183.json
全唐诗/json/479.json
全唐诗/json/750.json
全唐诗/json/300.json
全唐诗/json/615.json
全唐诗/json/245.json
全唐诗/json/838.json
全唐诗/json/091.json
全唐诗/json/584.json
全唐诗/json/357.json
全唐诗/json/707.json
全唐诗/json/212.json
全唐诗/json/642.json
全唐诗/json/087.json
全唐诗/json/592.json
全唐诗/json/068.json
全唐诗/json/438.json
全唐诗/json/711.json
全唐诗/json/341.json
全唐诗/json/654.json
全唐诗/json/204.json
全唐诗/json/879.json
全唐诗/json/480.json
全唐诗/json/195.json
全唐诗/json/896.json
全唐诗/json/316.json
全唐诗/json/746.json
全唐诗/json/253.json
全唐诗/json/603.json
全唐诗/json/414.json
全唐诗/json/044.json
全唐诗/json/802.json
全唐诗/json/551.json
全唐诗/json/101.json
全唐诗/json/228.json
全唐诗/json/382.json
全唐诗/json/678.json
全唐诗/json/697.json
全唐诗/json/013.json
全唐诗/json/443.json
全唐诗/json/156.json
全唐诗/json/506.json
全唐诗/json/855.json
全唐诗/json/785.json
全唐诗/json/290.json
全唐诗/json/455.json
全唐诗/json/005.json
全唐诗/json/843.json
全唐诗/json/510.json
全唐诗/json/140.json
全唐诗/json/793.json
全唐诗/json/269.json
全唐诗/json/639.json
全唐诗/json/286.json
全唐诗/json/052.json
全唐诗/json/402.json
全唐诗/json/117.json
全唐诗/json/547.json
全唐诗/json/814.json
全唐诗/json/394.json
全唐诗/json/681.json
全唐诗/json/249.json
全唐诗/json/619.json
全唐诗/json/863.json
全唐诗/json/530.json
全唐诗/json/160.json
全唐诗/json/475.json
全唐诗/json/025.json
全唐诗/json/137.json
全唐诗/json/567.json
全唐诗/json/834.json
全唐诗/json/588.json
全唐诗/json/072.json
全唐诗/json/422.json
全唐诗/json/208.json
全唐诗/json/658.json
全唐诗/json/822.json
全唐诗/json/571.json
全唐诗/json/121.json
全唐诗/json/434.json
全唐诗/json/064.json
全唐诗/json/176.json
全唐诗/json/526.json
全唐诗/json/875.json
全唐诗/json/033.json
全唐诗/json/199.json
全唐诗/json/463.json
全唐诗/json/674.json
全唐诗/json/224.json
全唐诗/json/731.json
全唐诗/json/361.json
全唐诗/json/048.json
全唐诗/json/418.json
全唐诗/json/789.json
全唐诗/json/273.json
全唐诗/json/623.json
全唐诗/json/336.json
全唐诗/json/766.json
全唐诗/json/859.json
全唐诗/json/635.json
全唐诗/json/265.json
全唐诗/json/770.json
全唐诗/json/320.json
全唐诗/json/009.json
全唐诗/json/459.json
全唐诗/json/232.json
全唐诗/json/398.json
全唐诗/json/662.json
全唐诗/json/377.json
全唐诗/json/727.json
全唐诗/json/818.json
全唐诗/json/819.json
全唐诗/json/233.json
全唐诗/json/399.json
全唐诗/json/663.json
全唐诗/json/376.json
全唐诗/json/726.json
全唐诗/json/008.json
全唐诗/json/458.json
全唐诗/json/634.json
全唐诗/json/264.json
全唐诗/json/771.json
全唐诗/json/321.json
全唐诗/json/858.json
全唐诗/json/788.json
全唐诗/json/272.json
全唐诗/json/622.json
全唐诗/json/337.json
全唐诗/json/767.json
全唐诗/json/049.json
全唐诗/json/419.json
全唐诗/json/675.json
全唐诗/json/225.json
全唐诗/json/730.json
全唐诗/json/360.json
全唐诗/json/177.json
全唐诗/json/527.json
全唐诗/json/874.json
全唐诗/json/032.json
全唐诗/json/198.json
全唐诗/json/462.json
全唐诗/json/823.json
全唐诗/json/570.json
全唐诗/json/120.json
全唐诗/json/435.json
全唐诗/json/065.json
全唐诗/json/209.json
全唐诗/json/659.json
全唐诗/json/136.json
全唐诗/json/566.json
全唐诗/json/835.json
全唐诗/json/589.json
全唐诗/json/073.json
全唐诗/json/423.json
全唐诗/json/862.json
全唐诗/json/531.json
全唐诗/json/161.json
全唐诗/json/474.json
全唐诗/json/024.json
全唐诗/json/248.json
全唐诗/json/618.json
全唐诗/json/395.json
全唐诗/json/680.json
全唐诗/json/053.json
全唐诗/json/403.json
全唐诗/json/116.json
全唐诗/json/546.json
全唐诗/json/815.json
全唐诗/json/792.json
全唐诗/json/268.json
全唐诗/json/638.json
全唐诗/json/287.json
全唐诗/json/454.json
全唐诗/json/004.json
全唐诗/json/842.json
全唐诗/json/511.json
全唐诗/json/141.json
全唐诗/json/784.json
全唐诗/json/291.json
全唐诗/json/012.json
全唐诗/json/442.json
全唐诗/json/157.json
全唐诗/json/507.json
全唐诗/json/854.json
全唐诗/json/229.json
全唐诗/json/383.json
全唐诗/json/679.json
全唐诗/json/696.json
全唐诗/json/415.json
全唐诗/json/045.json
全唐诗/json/803.json
全唐诗/json/550.json
全唐诗/json/100.json
全唐诗/json/317.json
全唐诗/json/747.json
全唐诗/json/252.json
全唐诗/json/602.json
全唐诗/json/878.json
全唐诗/json/481.json
全唐诗/json/194.json
全唐诗/json/897.json
全唐诗/json/710.json
全唐诗/json/340.json
全唐诗/json/655.json
全唐诗/json/205.json
全唐诗/json/086.json
全唐诗/json/593.json
全唐诗/json/069.json
全唐诗/json/439.json
全唐诗/json/356.json
全唐诗/json/706.json
全唐诗/json/213.json
全唐诗/json/643.json
全唐诗/json/839.json
全唐诗/json/090.json
全唐诗/json/585.json
全唐诗/json/751.json
全唐诗/json/301.json
全唐诗/json/614.json
全唐诗/json/244.json
全唐诗/json/497.json
全唐诗/json/881.json
全唐诗/json/028.json
全唐诗/json/182.json
全唐诗/json/478.json
元曲/yuanqu.json
宋词/ci.song.15000.json
宋词/ci.song.9000.json
宋词/ci.song.1000.json
宋词/ci.song.2019y.json
宋词/ci.song.14000.json
宋词/ci.song.8000.json
宋词/ci.song.3000.json
宋词/ci.song.20000.json
宋词/ci.song.16000.json
宋词/ci.song.17000.json
宋词/UpdateCi.py
宋词/ci.song.2000.json
宋词/ci.song.21000.json
宋词/README.md
宋词/ci.song.7000.json
宋词/ci.song.12000.json
宋词/ci.song.0.json
宋词/ci.song.13000.json
宋词/ci.song.6000.json
宋词/author.song.json
宋词/宋词三百首.json
宋词/ci.song.11000.json
宋词/main.py
宋词/ci.song.4000.json
宋词/ci.song.18000.json
宋词/ci.song.5000.json
宋词/ci.song.19000.json
宋词/ci.db
宋词/ci.song.10000.json
蒙学/zhuzijiaxun.json
蒙学/sanzijing-traditional.json
蒙学/tangshisanbaishou.json
蒙学/README.md
蒙学/zengguangxianwen.json
蒙学/baijiaxing.json
蒙学/shenglvqimeng.json
蒙学/qianziwen.json
蒙学/sanzijing-new.json
蒙学/qianjiashi.json
蒙学/guwenguanzhi.json
蒙学/wenzimengqiu.json
蒙学/youxueqionglin.json
蒙学/dizigui.json
诗经/README.md
诗经/shijing.json
五代诗词/nantang
五代诗词/nantang/poetrys.json
五代诗词/nantang/authors.json
五代诗词/nantang/README.md
五代诗词/nantang/intro.json
五代诗词/huajianji
五代诗词/huajianji/huajianji-9-juan.json
五代诗词/huajianji/huajianji-4-juan.json
五代诗词/huajianji/huajianji-2-juan.json
五代诗词/huajianji/huajianji-8-juan.json
五代诗词/huajianji/huajianji-5-juan.json
五代诗词/huajianji/huajianji-3-juan.json
五代诗词/huajianji/huajianji-0-preface.json
五代诗词/huajianji/README.md
五代诗词/huajianji/huajianji-6-juan.json
五代诗词/huajianji/huajianji-7-juan.json
五代诗词/huajianji/huajianji-x-juan.json
五代诗词/huajianji/huajianji-1-juan.json
楚辞/chuci.json
曹操诗集/caocao.json
曹操诗集/README.md
幽梦影/README.md
幽梦影/youmengying.json
水墨唐诗/shuimotangshi.json
水墨唐诗/README.md
纳兰性德/纳兰性德诗集.json
纳兰性德/README.md
论语/lunyu.json
论语/README.md
